Using pre-set license
Built from '2020.3/staging' branch; Version is '2020.3.30f1 (1fb1bf06830e) revision 2077119'; Using compiler version '192528614'; Build Type 'Release'
OS: 'Windows 10  (10.0.19045) 64bit Professional' Language: 'ko' Physical Memory: 65360 MB
BatchMode: 1, IsHumanControllingUs: 0, StartBugReporterOnCrash: 0, Is64bit: 1, IsPro: 0

COMMAND LINE ARGUMENTS:
E:\Unity\2020.3.30f1\Editor\Unity.exe
-adb2
-batchMode
-noUpm
-name
AssetImportWorker0
-projectPath
E:/taehan/GitHub/URG/UI-Rythm-Game
-logFile
Logs/AssetImportWorker0.log
-srvPort
65206
Successfully changed project path to: E:/taehan/GitHub/URG/UI-Rythm-Game
E:/taehan/GitHub/URG/UI-Rythm-Game
Using Asset Import Pipeline V2.
Refreshing native plugins compatible for Editor in 23.81 ms, found 2 plugins.
Preloading 0 native plugins for Editor in 0.00 ms.
Initialize engine version: 2020.3.30f1 (1fb1bf06830e)
[Subsystems] Discovering subsystems at path E:/Unity/2020.3.30f1/Editor/Data/Resources/UnitySubsystems
[Subsystems] Discovering subsystems at path E:/taehan/GitHub/URG/UI-Rythm-Game/Assets
GfxDevice: creating device client; threaded=0
Direct3D:
    Version:  Direct3D 11.0 [level 11.1]
    Renderer: NVIDIA GeForce RTX 2060 (ID=0x1e89)
    Vendor:   
    VRAM:     5958 MB
    Driver:   31.0.15.3623
Initialize mono
Mono path[0] = 'E:/Unity/2020.3.30f1/Editor/Data/Managed'
Mono path[1] = 'E:/Unity/2020.3.30f1/Editor/Data/MonoBleedingEdge/lib/mono/unityjit'
Mono config path = 'E:/Unity/2020.3.30f1/Editor/Data/MonoBleedingEdge/etc'
Using monoOptions --debugger-agent=transport=dt_socket,embedding=1,server=y,suspend=n,address=127.0.0.1:56520
Begin MonoManager ReloadAssembly
Registering precompiled unity dll's ...
Register platform support module: E:/Unity/2020.3.30f1/Editor/Data/PlaybackEngines/WindowsStandaloneSupport/UnityEditor.WindowsStandalone.Extensions.dll
Registered in 0.001215 seconds.
Native extension for WindowsStandalone target not found
Refreshing native plugins compatible for Editor in 23.36 ms, found 2 plugins.
Preloading 0 native plugins for Editor in 0.00 ms.
Mono: successfully reloaded assembly
- Completed reload, in  0.444 seconds
Domain Reload Profiling:
	ReloadAssembly (445ms)
		BeginReloadAssembly (62ms)
			ExecutionOrderSort (0ms)
			DisableScriptedObjects (0ms)
			BackupInstance (0ms)
			ReleaseScriptingObjects (0ms)
			CreateAndSetChildDomain (1ms)
		EndReloadAssembly (329ms)
			LoadAssemblies (61ms)
			RebuildTransferFunctionScriptingTraits (0ms)
			SetupTypeCache (113ms)
			ReleaseScriptCaches (0ms)
			RebuildScriptCaches (25ms)
			SetupLoadedEditorAssemblies (119ms)
				LogAssemblyErrors (0ms)
				InitializePlatformSupportModulesInManaged (3ms)
				SetLoadedEditorAssemblies (0ms)
				RefreshPlugins (23ms)
				BeforeProcessingInitializeOnLoad (7ms)
				ProcessInitializeOnLoadAttributes (63ms)
				ProcessInitializeOnLoadMethodAttributes (22ms)
				AfterProcessingInitializeOnLoad (0ms)
				EditorAssembliesLoaded (0ms)
			ExecutionOrderSort2 (0ms)
			AwakeInstancesAfterBackupRestoration (0ms)
Platform modules already initialized, skipping
Registering precompiled user dll's ...
Registered in 0.001417 seconds.
Begin MonoManager ReloadAssembly
Native extension for WindowsStandalone target not found
Refreshing native plugins compatible for Editor in 0.28 ms, found 2 plugins.
Preloading 0 native plugins for Editor in 0.00 ms.
Mono: successfully reloaded assembly
- Completed reload, in  0.760 seconds
Domain Reload Profiling:
	ReloadAssembly (761ms)
		BeginReloadAssembly (140ms)
			ExecutionOrderSort (0ms)
			DisableScriptedObjects (4ms)
			BackupInstance (0ms)
			ReleaseScriptingObjects (0ms)
			CreateAndSetChildDomain (15ms)
		EndReloadAssembly (576ms)
			LoadAssemblies (84ms)
			RebuildTransferFunctionScriptingTraits (0ms)
			SetupTypeCache (203ms)
			ReleaseScriptCaches (0ms)
			RebuildScriptCaches (32ms)
			SetupLoadedEditorAssemblies (210ms)
				LogAssemblyErrors (0ms)
				InitializePlatformSupportModulesInManaged (3ms)
				SetLoadedEditorAssemblies (0ms)
				RefreshPlugins (0ms)
				BeforeProcessingInitializeOnLoad (41ms)
				ProcessInitializeOnLoadAttributes (155ms)
				ProcessInitializeOnLoadMethodAttributes (7ms)
				AfterProcessingInitializeOnLoad (3ms)
				EditorAssembliesLoaded (0ms)
			ExecutionOrderSort2 (0ms)
			AwakeInstancesAfterBackupRestoration (5ms)
Platform modules already initialized, skipping
========================================================================
Worker process is ready to serve import requests
Launched and connected shader compiler UnityShaderCompiler.exe after 0.03 seconds
Refreshing native plugins compatible for Editor in 0.50 ms, found 2 plugins.
Preloading 0 native plugins for Editor in 0.00 ms.
Unloading 1528 Unused Serialized files (Serialized files now loaded: 0)
System memory in use before: 71.9 MB.
System memory in use after: 72.0 MB.

Unloading 16 unused Assets to reduce memory usage. Loaded Objects now: 1964.
Total: 2.279500 ms (FindLiveObjects: 0.128700 ms CreateObjectMapping: 0.039900 ms MarkObjects: 2.059200 ms  DeleteObjects: 0.051000 ms)

AssetImportParameters requested are different than current active one (requested -> active):
  custom:framework-win-MediaFoundation: 216162199b28c13a410421893ffa2e32 -> 
  custom:video-decoder-ogg-theora: a1e56fd34408186e4bbccfd4996cb3dc -> 
  custom:container-muxer-webm: aa71ff27fc2769a1b78a27578f13a17b -> 
  custom:container-demuxer-webm: 4f35f7cbe854078d1ac9338744f61a02 -> 
  custom:container-demuxer-ogg: 62fdf1f143b41e24485cea50d1cbac27 -> 
  custom:video-encoder-webm-vp8: eb34c28f22e8b96e1ab97ce403110664 -> 
  custom:video-decoder-webm-vp8: 9c59270c3fd7afecdb556c50c9e8de78 -> 
  custom:audio-decoder-ogg-vorbis: bf7c407c2cedff20999df2af8eb42d56 -> 
  custom:audio-encoder-webm-vorbis: bf7c407c2cedff20999df2af8eb42d56 -> 
========================================================================
Received Import Request.
  path: Assets/SHM/Assets/Mission3/Images/Notes/img_button_x.png
  artifactKey: Guid(9165c5e923aea854fa03c5b016eda6c6) Importer(815301076,1909f56bfc062723c751e8b465ee728b)
Start importing Assets/SHM/Assets/Mission3/Images/Notes/img_button_x.png using Guid(9165c5e923aea854fa03c5b016eda6c6) Importer(815301076,1909f56bfc062723c751e8b465ee728b)  -> (artifact id: '83a1a87b4b765ae6181551a124cbe168') in 0.093050 seconds 
========================================================================
Received Import Request.
  Time since last request: 43.665977 seconds.
  path: Assets/SHM/Scripts/Mission3/Countdown.cs
  artifactKey: Guid(8940f2109a3aceb438647101057ef434) Importer(815301076,1909f56bfc062723c751e8b465ee728b)
Start importing Assets/SHM/Scripts/Mission3/Countdown.cs using Guid(8940f2109a3aceb438647101057ef434) Importer(815301076,1909f56bfc062723c751e8b465ee728b)  -> (artifact id: '96c80d97bb20085635c5df6f35ce4c0b') in 0.016899 seconds 
========================================================================
Received Import Request.
  Time since last request: 0.622281 seconds.
  path: Assets/SHM/Scripts/Mission3/Activator.cs
  artifactKey: Guid(bfb4c77e03dbba24abbce3f567a44f75) Importer(815301076,1909f56bfc062723c751e8b465ee728b)
Start importing Assets/SHM/Scripts/Mission3/Activator.cs using Guid(bfb4c77e03dbba24abbce3f567a44f75) Importer(815301076,1909f56bfc062723c751e8b465ee728b)  -> (artifact id: 'b584f0a4553fac0e09c7925ffffe1604') in 0.014175 seconds 
========================================================================
Received Import Request.
  Time since last request: 0.359703 seconds.
  path: Assets/SHM/Scripts/Mission3/GameManager3.cs
  artifactKey: Guid(aa568c28a6d305d44ab18c636529b7ea) Importer(815301076,1909f56bfc062723c751e8b465ee728b)
Start importing Assets/SHM/Scripts/Mission3/GameManager3.cs using Guid(aa568c28a6d305d44ab18c636529b7ea) Importer(815301076,1909f56bfc062723c751e8b465ee728b)  -> (artifact id: '2516cec2463d5c3a19d7e9da84ecf8c1') in 0.014511 seconds 
========================================================================
Received Import Request.
  Time since last request: 0.319765 seconds.
  path: Assets/SHM/Scripts/Mission3/Note.cs
  artifactKey: Guid(0029cac73ba095d42b6b255fd528d056) Importer(815301076,1909f56bfc062723c751e8b465ee728b)
Start importing Assets/SHM/Scripts/Mission3/Note.cs using Guid(0029cac73ba095d42b6b255fd528d056) Importer(815301076,1909f56bfc062723c751e8b465ee728b)  -> (artifact id: '4ed54a9a78f57c1ea44c6420679abe12') in 0.015387 seconds 
========================================================================
Received Import Request.
  Time since last request: 0.630326 seconds.
  path: Assets/SHM/Scripts/Mission3/ScoreManager3.cs
  artifactKey: Guid(2d1282c1847a2ec4489816487056c81a) Importer(815301076,1909f56bfc062723c751e8b465ee728b)
Start importing Assets/SHM/Scripts/Mission3/ScoreManager3.cs using Guid(2d1282c1847a2ec4489816487056c81a) Importer(815301076,1909f56bfc062723c751e8b465ee728b)  -> (artifact id: 'becbc1a5bfa1e25668c744e1f3f54d9b') in 0.014201 seconds 
========================================================================
Received Import Request.
  Time since last request: 574.954234 seconds.
  path: Assets/URG
  artifactKey: Guid(383cc9854599f0f47868cc1a2b7693a9) Importer(815301076,1909f56bfc062723c751e8b465ee728b)
Start importing Assets/URG using Guid(383cc9854599f0f47868cc1a2b7693a9) Importer(815301076,1909f56bfc062723c751e8b465ee728b)  -> (artifact id: '4c3379b060ecf45c9db6e0720f7c703c') in 0.013868 seconds 
========================================================================
Received Prepare
Registering precompiled user dll's ...
Registered in 0.001396 seconds.
Begin MonoManager ReloadAssembly
Native extension for WindowsStandalone target not found
Refreshing native plugins compatible for Editor in 0.28 ms, found 2 plugins.
Preloading 0 native plugins for Editor in 0.00 ms.
Mono: successfully reloaded assembly
- Completed reload, in  0.700 seconds
Domain Reload Profiling:
	ReloadAssembly (701ms)
		BeginReloadAssembly (102ms)
			ExecutionOrderSort (0ms)
			DisableScriptedObjects (4ms)
			BackupInstance (0ms)
			ReleaseScriptingObjects (0ms)
			CreateAndSetChildDomain (25ms)
		EndReloadAssembly (554ms)
			LoadAssemblies (82ms)
			RebuildTransferFunctionScriptingTraits (0ms)
			SetupTypeCache (198ms)
			ReleaseScriptCaches (1ms)
			RebuildScriptCaches (28ms)
			SetupLoadedEditorAssemblies (193ms)
				LogAssemblyErrors (0ms)
				InitializePlatformSupportModulesInManaged (3ms)
				SetLoadedEditorAssemblies (0ms)
				RefreshPlugins (0ms)
				BeforeProcessingInitializeOnLoad (35ms)
				ProcessInitializeOnLoadAttributes (144ms)
				ProcessInitializeOnLoadMethodAttributes (7ms)
				AfterProcessingInitializeOnLoad (3ms)
				EditorAssembliesLoaded (0ms)
			ExecutionOrderSort2 (0ms)
			AwakeInstancesAfterBackupRestoration (5ms)
Platform modules already initialized, skipping
Refreshing native plugins compatible for Editor in 0.29 ms, found 2 plugins.
Preloading 0 native plugins for Editor in 0.00 ms.
Unloading 1503 Unused Serialized files (Serialized files now loaded: 0)
System memory in use before: 72.9 MB.
System memory in use after: 73.0 MB.

Unloading 11 unused Assets to reduce memory usage. Loaded Objects now: 1972.
Total: 2.149700 ms (FindLiveObjects: 0.109000 ms CreateObjectMapping: 0.032700 ms MarkObjects: 1.993800 ms  DeleteObjects: 0.013700 ms)

AssetImportParameters requested are different than current active one (requested -> active):
  custom:framework-win-MediaFoundation: 216162199b28c13a410421893ffa2e32 -> 
  custom:video-decoder-ogg-theora: a1e56fd34408186e4bbccfd4996cb3dc -> 
  custom:container-muxer-webm: aa71ff27fc2769a1b78a27578f13a17b -> 
  custom:container-demuxer-webm: 4f35f7cbe854078d1ac9338744f61a02 -> 
  custom:container-demuxer-ogg: 62fdf1f143b41e24485cea50d1cbac27 -> 
  custom:video-encoder-webm-vp8: eb34c28f22e8b96e1ab97ce403110664 -> 
  custom:video-decoder-webm-vp8: 9c59270c3fd7afecdb556c50c9e8de78 -> 
  custom:audio-decoder-ogg-vorbis: bf7c407c2cedff20999df2af8eb42d56 -> 
  custom:audio-encoder-webm-vorbis: bf7c407c2cedff20999df2af8eb42d56 -> 
========================================================================
Received Prepare
Registering precompiled user dll's ...
Registered in 0.001275 seconds.
Begin MonoManager ReloadAssembly
Native extension for WindowsStandalone target not found
Refreshing native plugins compatible for Editor in 0.28 ms, found 2 plugins.
Preloading 0 native plugins for Editor in 0.00 ms.
Mono: successfully reloaded assembly
- Completed reload, in  0.709 seconds
Domain Reload Profiling:
	ReloadAssembly (709ms)
		BeginReloadAssembly (102ms)
			ExecutionOrderSort (0ms)
			DisableScriptedObjects (4ms)
			BackupInstance (0ms)
			ReleaseScriptingObjects (0ms)
			CreateAndSetChildDomain (25ms)
		EndReloadAssembly (558ms)
			LoadAssemblies (86ms)
			RebuildTransferFunctionScriptingTraits (0ms)
			SetupTypeCache (199ms)
			ReleaseScriptCaches (1ms)
			RebuildScriptCaches (28ms)
			SetupLoadedEditorAssemblies (197ms)
				LogAssemblyErrors (0ms)
				InitializePlatformSupportModulesInManaged (3ms)
				SetLoadedEditorAssemblies (0ms)
				RefreshPlugins (0ms)
				BeforeProcessingInitializeOnLoad (35ms)
				ProcessInitializeOnLoadAttributes (148ms)
				ProcessInitializeOnLoadMethodAttributes (7ms)
				AfterProcessingInitializeOnLoad (3ms)
				EditorAssembliesLoaded (0ms)
			ExecutionOrderSort2 (0ms)
			AwakeInstancesAfterBackupRestoration (5ms)
Platform modules already initialized, skipping
Refreshing native plugins compatible for Editor in 0.28 ms, found 2 plugins.
Preloading 0 native plugins for Editor in 0.00 ms.
Unloading 1503 Unused Serialized files (Serialized files now loaded: 0)
System memory in use before: 73.0 MB.
System memory in use after: 73.1 MB.

Unloading 11 unused Assets to reduce memory usage. Loaded Objects now: 1974.
Total: 2.155600 ms (FindLiveObjects: 0.118500 ms CreateObjectMapping: 0.033900 ms MarkObjects: 1.988400 ms  DeleteObjects: 0.014300 ms)

AssetImportParameters requested are different than current active one (requested -> active):
  custom:framework-win-MediaFoundation: 216162199b28c13a410421893ffa2e32 -> 
  custom:video-decoder-ogg-theora: a1e56fd34408186e4bbccfd4996cb3dc -> 
  custom:container-muxer-webm: aa71ff27fc2769a1b78a27578f13a17b -> 
  custom:container-demuxer-webm: 4f35f7cbe854078d1ac9338744f61a02 -> 
  custom:container-demuxer-ogg: 62fdf1f143b41e24485cea50d1cbac27 -> 
  custom:video-encoder-webm-vp8: eb34c28f22e8b96e1ab97ce403110664 -> 
  custom:video-decoder-webm-vp8: 9c59270c3fd7afecdb556c50c9e8de78 -> 
  custom:audio-decoder-ogg-vorbis: bf7c407c2cedff20999df2af8eb42d56 -> 
  custom:audio-encoder-webm-vorbis: bf7c407c2cedff20999df2af8eb42d56 -> 
========================================================================
Received Import Request.
  Time since last request: 1501.456875 seconds.
  path: Assets/URG/Scripts
  artifactKey: Guid(4866bd252fe50c2428341fdca59c3141) Importer(815301076,1909f56bfc062723c751e8b465ee728b)
Start importing Assets/URG/Scripts using Guid(4866bd252fe50c2428341fdca59c3141) Importer(815301076,1909f56bfc062723c751e8b465ee728b)  -> (artifact id: '61db67d47094d9a3ede9f1636e8ebe1d') in 0.021843 seconds 
========================================================================
Received Import Request.
  Time since last request: 1.378326 seconds.
  path: Assets/URG/Scripts/Share/ButtonCtl.cs
  artifactKey: Guid(cfd0da96ac94e1144bd97fa63e16cc31) Importer(815301076,1909f56bfc062723c751e8b465ee728b)
Start importing Assets/URG/Scripts/Share/ButtonCtl.cs using Guid(cfd0da96ac94e1144bd97fa63e16cc31) Importer(815301076,1909f56bfc062723c751e8b465ee728b)  -> (artifact id: 'fda1ebb17ea8f25e7b87fb22d09562b6') in 0.014662 seconds 
========================================================================
Received Import Request.
  Time since last request: 0.430296 seconds.
  path: Assets/URG/Scripts/Share/UIParticleSystem.cs
  artifactKey: Guid(0c9d17bb61ad7d240943041885828f75) Importer(815301076,1909f56bfc062723c751e8b465ee728b)
Start importing Assets/URG/Scripts/Share/UIParticleSystem.cs using Guid(0c9d17bb61ad7d240943041885828f75) Importer(815301076,1909f56bfc062723c751e8b465ee728b)  -> (artifact id: '945ad0f39aecb517fec5b1e51205b333') in 0.015313 seconds 
AssetImportWorkerClient::OnTransportError - code=2 error=End of file
